* Starting client
* Connecting to master process on port 6092
* Analyzing classpath: 
  - /Users/farestrad/Desktop/SoftwareTesting/SoftwareTestingA2/Part3/Money-Maven/Money-Maven/target/classes
  - /Users/farestrad/.m2/repository/junit/junit/4.13.2/junit-4.13.2.jar
  - /Users/farestrad/.m2/repository/org/hamcrest/hamcrest-core/1.3/hamcrest-core-1.3.jar
  - /Users/farestrad/.m2/repository/org/junit/jupiter/junit-jupiter-api/5.9.2/junit-jupiter-api-5.9.2.jar
  - /Users/farestrad/.m2/repository/org/opentest4j/opentest4j/1.2.0/opentest4j-1.2.0.jar
  - /Users/farestrad/.m2/repository/org/junit/platform/junit-platform-commons/1.9.2/junit-platform-commons-1.9.2.jar
  - /Users/farestrad/.m2/repository/org/apiguardian/apiguardian-api/1.1.2/apiguardian-api-1.1.2.jar
  - /Users/farestrad/.m2/repository/org/junit/jupiter/junit-jupiter-engine/5.9.2/junit-jupiter-engine-5.9.2.jar
  - /Users/farestrad/.m2/repository/org/junit/platform/junit-platform-engine/1.9.2/junit-platform-engine-1.9.2.jar
  - /Users/farestrad/.m2/repository/org/pitest/pitest-junit5-plugin/1.2.0/pitest-junit5-plugin-1.2.0.jar
  - /Users/farestrad/.m2/repository/org/junit/platform/junit-platform-launcher/1.9.2/junit-platform-launcher-1.9.2.jar
* Finished analyzing classpath
* Generating tests for class maven.Money
* Test criteria:
  - Line Coverage
  - Branch Coverage
  - Exception
  - Mutation testing (weak)
  - Method-Output Coverage
  - Top-Level Method Coverage
  - No-Exception Top-Level Method Coverage
  - Context Branch Coverage
* Setting up search algorithm for whole suite generation
* Loaded 15 tests from /Users/farestrad/Desktop/SoftwareTesting/SoftwareTestingA2/Part3/Money-Maven/Money-Maven/.evosuite/evosuite-seeds/maven.Money.seed
* Total number of test goals: 
  - Line 11
  - Branch 10
  - Exception 0
  - MutationFactory 26
  - Output 12
  - Method 5
  - MethodNoException 5
  - CBranchFitnessFactory 10
* Using seed 1742177601335
* Starting evolution
* Search finished after 66s and 551 generations, 193440 statements, best individual has fitness: 2.333332855565084
* Writing sequences to pool
* Minimizing test suite
* Going to analyze the coverage criteria
* Coverage analysis for criterion LINE
* Coverage of criterion LINE: 100%
* Total number of goals: 11
* Number of covered goals: 11
* Coverage analysis for criterion BRANCH
* Coverage of criterion BRANCH: 100%
* Total number of goals: 10
* Number of covered goals: 10
* Coverage analysis for criterion EXCEPTION
* Coverage of criterion EXCEPTION: 100%
* Total number of goals: 2
* Number of covered goals: 2
* Coverage analysis for criterion WEAKMUTATION
* Coverage of criterion WEAKMUTATION: 96%
* Total number of goals: 26
* Number of covered goals: 25
* Coverage analysis for criterion OUTPUT
* Coverage of criterion OUTPUT: 92%
* Total number of goals: 12
* Number of covered goals: 11
* Coverage analysis for criterion METHOD
* Coverage of criterion METHOD: 100%
* Total number of goals: 5
* Number of covered goals: 5
* Coverage analysis for criterion METHODNOEXCEPTION
* Coverage of criterion METHODNOEXCEPTION: 100%
* Total number of goals: 5
* Number of covered goals: 5
* Coverage analysis for criterion CBRANCH
* Coverage of criterion CBRANCH: 100%
* Total number of goals: 10
* Number of covered goals: 10
* Generated 15 tests with total length 33
* Resulting test suite's coverage: 98% (average coverage for all fitness functions)
* Generating assertions
* Resulting test suite's mutation score: 93%
* Compiling and checking tests
* Writing JUnit test case 'Money_ESTest' to /Users/farestrad/Desktop/SoftwareTesting/SoftwareTestingA2/Part3/Money-Maven/Money-Maven/.evosuite/tmp_2025_03_16_22_13_19/tests
* Done!

